<?xml version="1.0" encoding="UTF-8"?>
<testng-results skipped="0" failed="0" total="2" passed="2">
  <reporter-output>
  </reporter-output>
  <suite name="Suite1" duration-ms="2476" started-at="2016-12-29T16:11:19Z" finished-at="2016-12-29T16:11:22Z">
    <groups>
    </groups>
    <test name="Test Hard" duration-ms="1904" started-at="2016-12-29T16:11:19Z" finished-at="2016-12-29T16:11:21Z">
      <class name="example.testHard">
        <test-method status="PASS" signature="beforeTest()[pri:0, instance:example.testHard@38082d64]" name="beforeTest" is-config="true" duration-ms="779" started-at="2016-12-29T16:11:19Z" finished-at="2016-12-29T16:11:20Z">
          <reporter-output>
          </reporter-output>
        </test-method> <!-- beforeTest -->
        <test-method status="PASS" signature="testEasy()[pri:0, instance:example.testHard@38082d64]" name="testEasy" duration-ms="1125" started-at="2016-12-29T16:11:20Z" finished-at="2016-12-29T16:11:21Z">
          <reporter-output>
          </reporter-output>
        </test-method> <!-- testEasy -->
        <test-method status="PASS" signature="afterTest()[pri:0, instance:example.testHard@38082d64]" name="afterTest" is-config="true" duration-ms="0" started-at="2016-12-29T16:11:21Z" finished-at="2016-12-29T16:11:21Z">
          <reporter-output>
          </reporter-output>
        </test-method> <!-- afterTest -->
      </class> <!-- example.testHard -->
    </test> <!-- Test Hard -->
    <test name="New Test" duration-ms="552" started-at="2016-12-29T16:11:21Z" finished-at="2016-12-29T16:11:22Z">
      <class name="example.NewTest">
        <test-method status="PASS" signature="beforeTest()[pri:0, instance:example.NewTest@614c5515]" name="beforeTest" is-config="true" duration-ms="10" started-at="2016-12-29T16:11:21Z" finished-at="2016-12-29T16:11:21Z">
          <reporter-output>
          </reporter-output>
        </test-method> <!-- beforeTest -->
        <test-method status="PASS" signature="testEasy()[pri:0, instance:example.NewTest@614c5515]" name="testEasy" duration-ms="542" started-at="2016-12-29T16:11:21Z" finished-at="2016-12-29T16:11:22Z">
          <reporter-output>
          </reporter-output>
        </test-method> <!-- testEasy -->
        <test-method status="PASS" signature="afterTest()[pri:0, instance:example.NewTest@614c5515]" name="afterTest" is-config="true" duration-ms="0" started-at="2016-12-29T16:11:22Z" finished-at="2016-12-29T16:11:22Z">
          <reporter-output>
          </reporter-output>
        </test-method> <!-- afterTest -->
      </class> <!-- example.NewTest -->
    </test> <!-- New Test -->
  </suite> <!-- Suite1 -->
</testng-results>
