<?xml version="1.0" encoding="UTF-8"?>
<testng-results skipped="0" failed="0" total="2" passed="2">
  <reporter-output>
  </reporter-output>
  <suite name="Suite1" duration-ms="2318" started-at="2016-12-29T11:41:20Z" finished-at="2016-12-29T11:41:23Z">
    <groups>
    </groups>
    <test name="Test Hard" duration-ms="1736" started-at="2016-12-29T11:41:20Z" finished-at="2016-12-29T11:41:22Z">
      <class name="example.testHard">
        <test-method status="PASS" signature="beforeTest()[pri:0, instance:example.testHard@783e6358]" name="beforeTest" is-config="true" duration-ms="1038" started-at="2016-12-29T11:41:20Z" finished-at="2016-12-29T11:41:21Z">
          <reporter-output>
          </reporter-output>
        </test-method> <!-- beforeTest -->
        <test-method status="PASS" signature="testEasy()[pri:0, instance:example.testHard@783e6358]" name="testEasy" duration-ms="675" started-at="2016-12-29T11:41:21Z" finished-at="2016-12-29T11:41:22Z">
          <reporter-output>
          </reporter-output>
        </test-method> <!-- testEasy -->
        <test-method status="PASS" signature="afterTest()[pri:0, instance:example.testHard@783e6358]" name="afterTest" is-config="true" duration-ms="2" started-at="2016-12-29T11:41:22Z" finished-at="2016-12-29T11:41:22Z">
          <reporter-output>
          </reporter-output>
        </test-method> <!-- afterTest -->
      </class> <!-- example.testHard -->
    </test> <!-- Test Hard -->
    <test name="New Test" duration-ms="512" started-at="2016-12-29T11:41:22Z" finished-at="2016-12-29T11:41:23Z">
      <class name="example.NewTest">
        <test-method status="PASS" signature="beforeTest()[pri:0, instance:example.NewTest@47f6473]" name="beforeTest" is-config="true" duration-ms="12" started-at="2016-12-29T11:41:22Z" finished-at="2016-12-29T11:41:22Z">
          <reporter-output>
          </reporter-output>
        </test-method> <!-- beforeTest -->
        <test-method status="PASS" signature="testEasy()[pri:0, instance:example.NewTest@47f6473]" name="testEasy" duration-ms="499" started-at="2016-12-29T11:41:22Z" finished-at="2016-12-29T11:41:23Z">
          <reporter-output>
          </reporter-output>
        </test-method> <!-- testEasy -->
        <test-method status="PASS" signature="afterTest()[pri:0, instance:example.NewTest@47f6473]" name="afterTest" is-config="true" duration-ms="1" started-at="2016-12-29T11:41:23Z" finished-at="2016-12-29T11:41:23Z">
          <reporter-output>
          </reporter-output>
        </test-method> <!-- afterTest -->
      </class> <!-- example.NewTest -->
    </test> <!-- New Test -->
  </suite> <!-- Suite1 -->
</testng-results>
